<?xml version="1.0" encoding="UTF-8"?>
<!-- Generated by org.testng.reporters.JUnitXMLReporter -->
<testsuite ignored="0" hostname="LAPTOP-9FGJ2RIT" failures="1" tests="5" name="FSTTests" time="31.09" errors="0" timestamp="2025-10-16T08:57:53 IST">
  <testcase classname="tests.LoginTest" name="loginTest" time="0.246"/>
  <testcase classname="tests.LoginTest" name="loginTestTwo" time="0.24">
    <skipped/>
  </testcase> <!-- loginTestTwo -->
  <testcase classname="tests.LoginTest" name="loginTestTwo" time="0.205">
    <skipped/>
  </testcase> <!-- loginTestTwo -->
  <testcase classname="tests.LoginTest" name="loginTestTwo" time="0.188">
    <skipped/>
  </testcase> <!-- loginTestTwo -->
  <testcase classname="tests.LoginTest" name="loginTestTwo" time="0.245">
    <failure type="java.lang.AssertionError" message="expected [true] but found [false]">
      <![CDATA[java.lang.AssertionError: expected [true] but found [false]
at tests.LoginTest.loginTestTwo(LoginTest.java:42)
at java.base/java.util.ArrayList.forEach(ArrayList.java:1597)
... Removed 32 stack frames]]>
    </failure>
  </testcase> <!-- loginTestTwo -->
</testsuite> <!-- FSTTests -->
